# JRE version: Java(TM) SE Runtime Environment (8.0_51-b16) (build 1.8.0_51-b16)
# Java VM: Java HotSpot(TM) 64-Bit Server VM (25.51-b03 mixed mode windows-amd64 compressed oops)
Heap:
 PSYoungGen      total 232960K, used 116736K [0x00000000eab00000, 0x0000000100000000, 0x0000000100000000)
  eden space 116736K, 100% used [0x00000000eab00000,0x00000000f1d00000,0x00000000f1d00000)
  from space 116224K, 0% used [0x00000000f8e80000,0x00000000f8e80000,0x0000000100000000)
  to   space 116224K, 0% used [0x00000000f1d00000,0x00000000f1d00000,0x00000000f8e80000)
 ParOldGen       total 221184K, used 169731K [0x00000000c0000000, 0x00000000cd800000, 0x00000000eab00000)
  object space 221184K, 76% used [0x00000000c0000000,0x00000000ca5c0df8,0x00000000cd800000)
 Metaspace       used 6466K, capacity 7256K, committed 7424K, reserved 1056768K
  class space    used 614K, capacity 656K, committed 768K, reserved 1048576K
GC Heap History (10 events):
Event: 33.197 GC heap before
{Heap before GC invocations=11 (full 2):
 PSYoungGen      total 219136K, used 219116K [0x00000000eab00000, 0x0000000100000000, 0x0000000100000000)
  eden space 158208K, 100% used [0x00000000eab00000,0x00000000f4580000,0x00000000f4580000)
  from space 60928K, 99% used [0x00000000fc480000,0x00000000ffffb148,0x0000000100000000)
  to   space 91136K, 0% used [0x00000000f4e00000,0x00000000f4e00000,0x00000000fa700000)
 ParOldGen       total 220160K, used 134120K [0x00000000c0000000, 0x00000000cd700000, 0x00000000eab00000)
  object space 220160K, 60% used [0x00000000c0000000,0x00000000c82fa100,0x00000000cd700000)
 Metaspace       used 6459K, capacity 7256K, committed 7424K, reserved 1056768K
  class space    used 614K, capacity 656K, committed 768K, reserved 1048576K
Event: 33.624 GC heap after
Heap after GC invocations=11 (full 2):
 PSYoungGen      total 247296K, used 80068K [0x00000000eab00000, 0x0000000100000000, 0x0000000100000000)
  eden space 166912K, 0% used [0x00000000eab00000,0x00000000eab00000,0x00000000f4e00000)
  from space 80384K, 99% used [0x00000000f4e00000,0x00000000f9c310c8,0x00000000f9c80000)
  to   space 101888K, 0% used [0x00000000f9c80000,0x00000000f9c80000,0x0000000100000000)
 ParOldGen       total 220160K, used 136208K [0x00000000c0000000, 0x00000000cd700000, 0x00000000eab00000)
  object space 220160K, 61% used [0x00000000c0000000,0x00000000c8504100,0x00000000cd700000)
 Metaspace       used 6459K, capacity 7256K, committed 7424K, reserved 1056768K
  class space    used 614K, capacity 656K, committed 768K, reserved 1048576K
}
Event: 36.892 GC heap before
{Heap before GC invocations=12 (full 2):
 PSYoungGen      total 247296K, used 246980K [0x00000000eab00000, 0x0000000100000000, 0x0000000100000000)
  eden space 166912K, 100% used [0x00000000eab00000,0x00000000f4e00000,0x00000000f4e00000)
  from space 80384K, 99% used [0x00000000f4e00000,0x00000000f9c310c8,0x00000000f9c80000)
  to   space 101888K, 0% used [0x00000000f9c80000,0x00000000f9c80000,0x0000000100000000)
 ParOldGen       total 220160K, used 136208K [0x00000000c0000000, 0x00000000cd700000, 0x00000000eab00000)
  object space 220160K, 61% used [0x00000000c0000000,0x00000000c8504100,0x00000000cd700000)
 Metaspace       used 6466K, capacity 7256K, committed 7424K, reserved 1056768K
  class space    used 614K, capacity 656K, committed 768K, reserved 1048576K
Event: 37.431 GC heap after
Heap after GC invocations=12 (full 2):
 PSYoungGen      total 218624K, used 101867K [0x00000000eab00000, 0x0000000100000000, 0x0000000100000000)
  eden space 116736K, 0% used [0x00000000eab00000,0x00000000eab00000,0x00000000f1d00000)
  from space 101888K, 99% used [0x00000000f9c80000,0x00000000ffffadf0,0x0000000100000000)
  to   space 116224K, 0% used [0x00000000f1d00000,0x00000000f1d00000,0x00000000f8e80000)
 ParOldGen       total 220160K, used 207058K [0x00000000c0000000, 0x00000000cd700000, 0x00000000eab00000)
  object space 220160K, 94% used [0x00000000c0000000,0x00000000cca34870,0x00000000cd700000)
 Metaspace       used 6466K, capacity 7256K, committed 7424K, reserved 1056768K
  class space    used 614K, capacity 656K, committed 768K, reserved 1048576K
}
Event: 37.431 GC heap before
{Heap before GC invocations=13 (full 3):
 PSYoungGen      total 218624K, used 101867K [0x00000000eab00000, 0x0000000100000000, 0x0000000100000000)
  eden space 116736K, 0% used [0x00000000eab00000,0x00000000eab00000,0x00000000f1d00000)
  from space 101888K, 99% used [0x00000000f9c80000,0x00000000ffffadf0,0x0000000100000000)
  to   space 116224K, 0% used [0x00000000f1d00000,0x00000000f1d00000,0x00000000f8e80000)
 ParOldGen       total 220160K, used 207058K [0x00000000c0000000, 0x00000000cd700000, 0x00000000eab00000)
  object space 220160K, 94% used [0x00000000c0000000,0x00000000cca34870,0x00000000cd700000)
 Metaspace       used 6466K, capacity 7256K, committed 7424K, reserved 1056768K
  class space    used 614K, capacity 656K, committed 768K, reserved 1048576K
Event: 55.376 GC heap after
Heap after GC invocations=13 (full 3):
 PSYoungGen      total 218624K, used 0K [0x00000000eab00000, 0x0000000100000000, 0x0000000100000000)
  eden space 116736K, 0% used [0x00000000eab00000,0x00000000eab00000,0x00000000f1d00000)
  from space 101888K, 0% used [0x00000000f9c80000,0x00000000f9c80000,0x0000000100000000)
  to   space 116224K, 0% used [0x00000000f1d00000,0x00000000f1d00000,0x00000000f8e80000)
 ParOldGen       total 220160K, used 137750K [0x00000000c0000000, 0x00000000cd700000, 0x00000000eab00000)
  object space 220160K, 62% used [0x00000000c0000000,0x00000000c8685910,0x00000000cd700000)
 Metaspace       used 6466K, capacity 7256K, committed 7424K, reserved 1056768K
  class space    used 614K, capacity 656K, committed 768K, reserved 1048576K
}
Event: 55.707 GC heap before
{Heap before GC invocations=14 (full 3):
 PSYoungGen      total 218624K, used 116736K [0x00000000eab00000, 0x0000000100000000, 0x0000000100000000)
  eden space 116736K, 100% used [0x00000000eab00000,0x00000000f1d00000,0x00000000f1d00000)
  from space 101888K, 0% used [0x00000000f9c80000,0x00000000f9c80000,0x0000000100000000)
  to   space 116224K, 0% used [0x00000000f1d00000,0x00000000f1d00000,0x00000000f8e80000)
 ParOldGen       total 220160K, used 137750K [0x00000000c0000000, 0x00000000cd700000, 0x00000000eab00000)
  object space 220160K, 62% used [0x00000000c0000000,0x00000000c8685910,0x00000000cd700000)
 Metaspace       used 6466K, capacity 7256K, committed 7424K, reserved 1056768K
  class space    used 614K, capacity 656K, committed 768K, reserved 1048576K
Event: 55.999 GC heap after
Heap after GC invocations=14 (full 3):
 PSYoungGen      total 232960K, used 74422K [0x00000000eab00000, 0x0000000100000000, 0x0000000100000000)
  eden space 116736K, 0% used [0x00000000eab00000,0x00000000eab00000,0x00000000f1d00000)
  from space 116224K, 64% used [0x00000000f1d00000,0x00000000f65ada68,0x00000000f8e80000)
  to   space 116224K, 0% used [0x00000000f8e80000,0x00000000f8e80000,0x0000000100000000)
 ParOldGen       total 220160K, used 137750K [0x00000000c0000000, 0x00000000cd700000, 0x00000000eab00000)
  object space 220160K, 62% used [0x00000000c0000000,0x00000000c8685910,0x00000000cd700000)
 Metaspace       used 6466K, capacity 7256K, committed 7424K, reserved 1056768K
  class space    used 614K, capacity 656K, committed 768K, reserved 1048576K
}
Event: 56.997 GC heap before
{Heap before GC invocations=15 (full 3):
 PSYoungGen      total 232960K, used 191158K [0x00000000eab00000, 0x0000000100000000, 0x0000000100000000)
  eden space 116736K, 100% used [0x00000000eab00000,0x00000000f1d00000,0x00000000f1d00000)
  from space 116224K, 64% used [0x00000000f1d00000,0x00000000f65ada68,0x00000000f8e80000)
  to   space 116224K, 0% used [0x00000000f8e80000,0x00000000f8e80000,0x0000000100000000)
 ParOldGen       total 220160K, used 137750K [0x00000000c0000000, 0x00000000cd700000, 0x00000000eab00000)
  object space 220160K, 62% used [0x00000000c0000000,0x00000000c8685910,0x00000000cd700000)
 Metaspace       used 6466K, capacity 7256K, committed 7424K, reserved 1056768K
  class space    used 614K, capacity 656K, committed 768K, reserved 1048576K
Event: 57.356 GC heap after
Heap after GC invocations=15 (full 3):
 PSYoungGen      total 232960K, used 98775K [0x00000000eab00000, 0x0000000100000000, 0x0000000100000000)
  eden space 116736K, 0% used [0x00000000eab00000,0x00000000eab00000,0x00000000f1d00000)
  from space 116224K, 84% used [0x00000000f8e80000,0x00000000feef5dc8,0x0000000100000000)
  to   space 116224K, 0% used [0x00000000f1d00000,0x00000000f1d00000,0x00000000f8e80000)
 ParOldGen       total 220160K, used 137750K [0x00000000c0000000, 0x00000000cd700000, 0x00000000eab00000)
  object space 220160K, 62% used [0x00000000c0000000,0x00000000c8685910,0x00000000cd700000)
 Metaspace       used 6466K, capacity 7256K, committed 7424K, reserved 1056768K
  class space    used 614K, capacity 656K, committed 768K, reserved 1048576K
}

